<?xml version="1.0" encoding="UTF-8"?>
<coverage generated="1640266798172" clover="3.2.0">
  <project timestamp="1640266798172" name="All files">
    <metrics statements="8" coveredstatements="3" conditionals="2" coveredconditionals="0" methods="2" coveredmethods="1" elements="12" coveredelements="4" complexity="0" loc="8" ncloc="8" packages="1" files="1" classes="1"/>
    <file name="shows.js" path="/home/manezeu/Microverse-projects/kanban-board/src/shows.js">
      <metrics statements="8" coveredstatements="3" conditionals="2" coveredconditionals="0" methods="2" coveredmethods="1"/>
      <line num="3" count="1" type="stmt"/>
      <line num="6" count="0" type="stmt"/>
      <line num="7" count="0" type="stmt"/>
      <line num="8" count="0" type="cond" truecount="0" falsecount="2"/>
      <line num="9" count="0" type="stmt"/>
      <line num="11" count="0" type="stmt"/>
      <line num="16" count="2" type="stmt"/>
      <line num="20" count="1" type="stmt"/>
    </file>
  </project>
</coverage>
